


===================== round =====================
start :2022-08-21 10:01:41
end   :2022-08-21 14:49:35
optimize traffic : 4028162
optimize params  : [1, 100, 1]

------ [step1] ------
params  :[1, 100, 0]
traffic :4314111

------ [step2] ------
params  :[1, 110, 0]
traffic :4303085

------ [step3] ------
params  :[1, 120, 0]
traffic :4292221

------ [step4] ------
params  :[1, 130, 0]
traffic :4278740

------ [step5] ------
params  :[1, 140, 0]
traffic :4270166

------ [step6] ------
params  :[1, 150, 0]
traffic :4260940

------ [step7] ------
params  :[1, 160, 0]
traffic :4252073

------ [step8] ------
params  :[1, 170, 0]
traffic :4242365

------ [step9] ------
params  :[1, 180, 0]
traffic :4233985

------ [step10] ------
params  :[1, 190, 0]
traffic :4226766

------ [step11] ------
params  :[1, 200, 0]
traffic :4220901

------ [step12] ------
params  :[1, 210, 0]
traffic :4215070

------ [step13] ------
params  :[1, 220, 0]
traffic :4208147

------ [step14] ------
params  :[1, 230, 0]
traffic :4206313

------ [step15] ------
params  :[1, 240, 0]
traffic :4197340

------ [step16] ------
params  :[1, 250, 0]
traffic :4193819

------ [step17] ------
params  :[1, 260, 0]
traffic :4185023

------ [step18] ------
params  :[1, 270, 0]
traffic :4178864

------ [step19] ------
params  :[1, 280, 0]
traffic :4169251

------ [step20] ------
params  :[1, 290, 0]
traffic :4162339

------ [step21] ------
params  :[1, 300, 0]
traffic :4159220

------ [step22] ------
params  :[1, 310, 0]
traffic :4154098

------ [step23] ------
params  :[1, 320, 0]
traffic :4147793

------ [step24] ------
params  :[1, 330, 0]
traffic :4143106

------ [step25] ------
params  :[1, 340, 0]
traffic :4141462

------ [step26] ------
params  :[1, 350, 0]
traffic :4137678

------ [step27] ------
params  :[1, 360, 0]
traffic :4132346

------ [step28] ------
params  :[1, 370, 0]
traffic :4130203

------ [step29] ------
params  :[1, 380, 0]
traffic :4123452

------ [step30] ------
params  :[1, 390, 0]
traffic :4121878

------ [step31] ------
params  :[1, 400, 0]
traffic :4116913

------ [step32] ------
params  :[1, 410, 0]
traffic :4114049

------ [step33] ------
params  :[1, 420, 0]
traffic :4108146

------ [step34] ------
params  :[1, 430, 0]
traffic :4105019

------ [step35] ------
params  :[1, 440, 0]
traffic :4095781

------ [step36] ------
params  :[1, 450, 0]
traffic :4093511

------ [step37] ------
params  :[1, 460, 0]
traffic :4088586

------ [step38] ------
params  :[1, 470, 0]
traffic :4084516

------ [step39] ------
params  :[1, 480, 0]
traffic :4079257

------ [step40] ------
params  :[1, 490, 0]
traffic :4078684

------ [step41] ------
params  :[1, 500, 0]
traffic :4077053

------ [step42] ------
params  :[1, 510, 0]
traffic :4074965

------ [step43] ------
params  :[1, 520, 0]
traffic :4070116

------ [step44] ------
params  :[1, 530, 0]
traffic :4065280

------ [step45] ------
params  :[1, 540, 0]
traffic :4063880

------ [step46] ------
params  :[1, 550, 0]
traffic :4060106

------ [step47] ------
params  :[1, 560, 0]
traffic :4055523

------ [step48] ------
params  :[1, 570, 0]
traffic :4052873

------ [step49] ------
params  :[1, 580, 0]
traffic :4052639

------ [step50] ------
params  :[1, 590, 0]
traffic :4049932

------ [step51] ------
params  :[1, 600, 0]
traffic :4047788

------ [step52] ------
params  :[1, 610, 0]
traffic :4042738

------ [step53] ------
params  :[1, 620, 0]
traffic :4039872

------ [step54] ------
params  :[1, 630, 0]
traffic :4037727

------ [step55] ------
params  :[1, 640, 0]
traffic :4034714

------ [step56] ------
params  :[1, 650, 0]
traffic :4030674

------ [step57] ------
params  :[1, 660, 0]
traffic :4030222

------ [step58] ------
params  :[1, 670, 0]
traffic :4028587

------ [step59] ------
params  :[1, 680, 0]
traffic :4028162


===================== round =====================
start :2022-08-21 20:19:51
end   :2022-08-21 20:19:51
optimize traffic : 40
optimize params  : [-4.7, 5, -1.8]

------ [step1] ------
params  :[-4.7, 5, -2.8]
traffic :40


===================== round =====================
start :2022-08-21 20:19:51
end   :2022-08-21 20:19:51
optimize traffic : 28
optimize params  : [3.2, -10, -5.3]

------ [step1] ------
params  :[3.2, -10, -6.3]
traffic :771

------ [step2] ------
params  :[4.2, -10, -6.3]
traffic :299

------ [step3] ------
params  :[3.2, -10, -6.3]
traffic :28


===================== round =====================
start :2022-08-21 20:19:51
end   :2022-08-21 20:19:51
optimize traffic : 15
optimize params  : [-2.7, 97, -2.0]

------ [step1] ------
params  :[-2.7, 97, -3.0]
traffic :974

------ [step2] ------
params  :[-1.7, 97, -3.0]
traffic :754

------ [step3] ------
params  :[-0.7, 97, -3.0]
traffic :15


===================== round =====================
start :2022-08-21 20:19:51
end   :2022-08-21 20:19:51
optimize traffic : 6
optimize params  : [-7.5, -83, -8.6]

------ [step1] ------
params  :[-7.5, -83, -9.6]
traffic :886

------ [step2] ------
params  :[-6.5, -83, -9.6]
traffic :489

------ [step3] ------
params  :[-6.5, -83, -8.6]
traffic :44

------ [step4] ------
params  :[-5.5, -83, -8.6]
traffic :6


===================== round =====================
start :2022-08-21 20:19:51
end   :2022-08-21 20:19:51
optimize traffic : 8
optimize params  : [-7.9, 70, -5.3]

------ [step1] ------
params  :[-7.9, 70, -6.3]
traffic :527

------ [step2] ------
params  :[-6.9, 70, -6.3]
traffic :275

------ [step3] ------
params  :[-5.9, 70, -6.3]
traffic :230

------ [step4] ------
params  :[-6.9, 80, -6.3]
traffic :8


===================== round =====================
start :2022-08-21 20:19:51
end   :2022-08-21 20:19:51
optimize traffic : 41
optimize params  : [-0.2, 10, 6.4]

------ [step1] ------
params  :[-0.2, 10, 5.4]
traffic :775

------ [step2] ------
params  :[0.8, 10, 5.4]
traffic :298

------ [step3] ------
params  :[1.8, 10, 5.4]
traffic :168

------ [step4] ------
params  :[2.8, 10, 5.4]
traffic :41


===================== round =====================
start :2022-08-21 20:19:51
end   :2022-08-21 20:19:51
optimize traffic : 122
optimize params  : [3.5, 20, 9.3]

------ [step1] ------
params  :[3.5, 20, 8.3]
traffic :827

------ [step2] ------
params  :[4.5, 20, 8.3]
traffic :596

------ [step3] ------
params  :[5.5, 20, 8.3]
traffic :461

------ [step4] ------
params  :[6.5, 20, 8.3]
traffic :122


===================== round =====================
start :2022-08-21 20:19:51
end   :2022-08-21 20:19:51
optimize traffic : 50
optimize params  : [-10.0, 41, -4.0]

------ [step1] ------
params  :[-10.0, 41, -5.0]
traffic :604

------ [step2] ------
params  :[-9.0, 41, -5.0]
traffic :134

------ [step3] ------
params  :[-10.0, 51, -5.0]
traffic :50


===================== round =====================
start :2022-08-21 20:19:51
end   :2022-08-21 20:19:51
optimize traffic : 70
optimize params  : [-4.3, -11, 3.6]

------ [step1] ------
params  :[-4.3, -11, 2.6]
traffic :70


===================== round =====================
start :2022-08-21 20:19:51
end   :2022-08-21 20:19:51
optimize traffic : 40
optimize params  : [-7.9, 57, 4.5]

------ [step1] ------
params  :[-7.9, 57, 3.5]
traffic :850

------ [step2] ------
params  :[-6.9, 57, 3.5]
traffic :621

------ [step3] ------
params  :[-5.9, 57, 3.5]
traffic :153

------ [step4] ------
params  :[-4.9, 57, 3.5]
traffic :40
