


===================== round =====================
start :2022-08-12 23:51:19
end   :2022-08-13 00:11:54
optimize traffic : 1386321
optimize params  : [-0.2, 9, -1.7]

------ [step1] ------
params  :[0.2, 19, -0.9]
traffic :1402625

------ [step2] ------
params  :[0.0, 14, -1.3]
traffic :1386321


===================== round =====================
start :2022-08-13 00:13:11
end   :2022-08-13 00:23:29
optimize traffic : 1399262
optimize params  : [1.3, 24, 0.8]

------ [step1] ------
params  :[1.5, 29, 1.2]
traffic :1399262


===================== round =====================
start :2022-08-13 00:24:47
end   :2022-08-13 00:35:05
optimize traffic : 1399867
optimize params  : [1.5, 61, -2.2]

------ [step1] ------
params  :[1.7, 66, -1.8]
traffic :1399867


===================== round =====================
start :2022-08-13 00:36:22
end   :2022-08-13 00:46:35
optimize traffic : 1399867
optimize params  : [1.4, 27, -1.7]

------ [step1] ------
params  :[1.6, 32, -1.3]
traffic :1399867


===================== round =====================
start :2022-08-13 00:47:50
end   :2022-08-13 00:58:08
optimize traffic : 1399299
optimize params  : [0.2, 11, 0.9]

------ [step1] ------
params  :[0.4, 16, 1.3]
traffic :1399299


===================== round =====================
start :2022-08-13 00:59:25
end   :2022-08-13 01:09:39
optimize traffic : 1399262
optimize params  : [1.2, 47, 0.2]

------ [step1] ------
params  :[1.4, 52, 0.6]
traffic :1399262


===================== round =====================
start :2022-08-13 01:10:57
end   :2022-08-13 01:21:12
optimize traffic : 1399262
optimize params  : [1.2, 77, 0.0]

------ [step1] ------
params  :[1.4, 82, 0.4]
traffic :1399262


===================== round =====================
start :2022-08-13 01:22:29
end   :2022-08-13 01:32:41
optimize traffic : 1399262
optimize params  : [1.5, 94, 1.4]

------ [step1] ------
params  :[1.7, 99, 1.8]
traffic :1399262


===================== round =====================
start :2022-08-13 01:33:58
end   :2022-08-13 01:54:35
optimize traffic : 1399299
optimize params  : [-0.2, 41, -0.4]

------ [step1] ------
params  :[0.2, 51, 0.4]
traffic :1399397

------ [step2] ------
params  :[0.0, 46, 0.0]
traffic :1399299


===================== round =====================
start :2022-08-13 01:55:52
end   :2022-08-13 02:16:17
optimize traffic : 1399664
optimize params  : [0.2, 90, -1.6]

------ [step1] ------
params  :[0.6, 100, -0.8]
traffic :1399898

------ [step2] ------
params  :[0.4, 95, -1.2]
traffic :1399664
